This file contains any messages produced by compilers while
running configure, to aid debugging if configure makes a mistake.

It was created by HTSlib configure 1.16, which was
generated by GNU Autoconf 2.69.  Invocation command line was

  $ ./configure --disable-option-checking --prefix=/usr/local CPPFLAGS=-std=c++11 -Wall -O3 -I /home/user/anaconda3/envs/atttrio/include -L /home/user/anaconda3/envs/atttrio/lib -Wl,-rpath=/home/user/anaconda3/envs/atttrio/lib --cache-file=/dev/null --srcdir=.

## --------- ##
## Platform. ##
## --------- ##

hostname = unbanto
uname -m = x86_64
uname -r = 5.4.0-148-generic
uname -s = Linux
uname -v = #165~18.04.1-Ubuntu SMP Thu Apr 20 01:14:06 UTC 2023

/usr/bin/uname -p = unknown
/bin/uname -X     = unknown

/bin/arch              = unknown
/usr/bin/arch -k       = unknown
/usr/convex/getsysinfo = unknown
/usr/bin/hostinfo      = unknown
/bin/machine           = unknown
/usr/bin/oslevel       = unknown
/bin/universe          = unknown

PATH: /home/user/anaconda3/envs/atttrio/bin
PATH: /home/user/anaconda3/condabin
PATH: /sbin
PATH: /bin
PATH: /usr/bin
PATH: /usr/local/bin
PATH: /snap/bin


## ----------- ##
## Core tests. ##
## ----------- ##

configure:2263: checking for gcc
configure:2279: found /usr/bin/gcc
configure:2290: result: gcc
configure:2519: checking for C compiler version
configure:2528: gcc --version >&5
gcc (Ubuntu 7.5.0-3ubuntu1~18.04) 7.5.0
Copyright (C) 2017 Free Software Foundation, Inc.
This is free software; see the source for copying conditions.  There is NO
warranty; not even for MERCHANTABILITY or FITNESS FOR A PARTICULAR PURPOSE.

configure:2539: $? = 0
configure:2528: gcc -v >&5
Using built-in specs.
COLLECT_GCC=gcc
COLLECT_LTO_WRAPPER=/usr/lib/gcc/x86_64-linux-gnu/7/lto-wrapper
OFFLOAD_TARGET_NAMES=nvptx-none
OFFLOAD_TARGET_DEFAULT=1
Target: x86_64-linux-gnu
Configured with: ../src/configure -v --with-pkgversion='Ubuntu 7.5.0-3ubuntu1~18.04' --with-bugurl=file:///usr/share/doc/gcc-7/README.Bugs --enable-languages=c,ada,c++,go,brig,d,fortran,objc,obj-c++ --prefix=/usr --with-gcc-major-version-only --program-suffix=-7 --program-prefix=x86_64-linux-gnu- --enable-shared --enable-linker-build-id --libexecdir=/usr/lib --without-included-gettext --enable-threads=posix --libdir=/usr/lib --enable-nls --enable-bootstrap --enable-clocale=gnu --enable-libstdcxx-debug --enable-libstdcxx-time=yes --with-default-libstdcxx-abi=new --enable-gnu-unique-object --disable-vtable-verify --enable-libmpx --enable-plugin --enable-default-pie --with-system-zlib --with-target-system-zlib --enable-objc-gc=auto --enable-multiarch --disable-werror --with-arch-32=i686 --with-abi=m64 --with-multilib-list=m32,m64,mx32 --enable-multilib --with-tune=generic --enable-offload-targets=nvptx-none --without-cuda-driver --enable-checking=release --build=x86_64-linux-gnu --host=x86_64-linux-gnu --target=x86_64-linux-gnu
Thread model: posix
gcc version 7.5.0 (Ubuntu 7.5.0-3ubuntu1~18.04) 
configure:2539: $? = 0
configure:2528: gcc -V >&5
gcc: error: unrecognized command line option '-V'
gcc: fatal error: no input files
compilation terminated.
configure:2539: $? = 1
configure:2528: gcc -qversion >&5
gcc: error: unrecognized command line option '-qversion'; did you mean '--version'?
gcc: fatal error: no input files
compilation terminated.
configure:2539: $? = 1
configure:2559: checking whether the C compiler works
configure:2581: gcc  -std=c++11 -Wall -O3 -I /home/user/anaconda3/envs/atttrio/include -L /home/user/anaconda3/envs/atttrio/lib -Wl,-rpath=/home/user/anaconda3/envs/atttrio/lib  conftest.c  >&5
cc1: warning: command line option '-std=c++11' is valid for C++/ObjC++ but not for C
configure:2585: $? = 0
configure:2633: result: yes
configure:2636: checking for C compiler default output file name
configure:2638: result: a.out
configure:2644: checking for suffix of executables
configure:2651: gcc -o conftest  -std=c++11 -Wall -O3 -I /home/user/anaconda3/envs/atttrio/include -L /home/user/anaconda3/envs/atttrio/lib -Wl,-rpath=/home/user/anaconda3/envs/atttrio/lib  conftest.c  >&5
cc1: warning: command line option '-std=c++11' is valid for C++/ObjC++ but not for C
configure:2655: $? = 0
configure:2677: result: 
configure:2699: checking whether we are cross compiling
configure:2707: gcc -o conftest  -std=c++11 -Wall -O3 -I /home/user/anaconda3/envs/atttrio/include -L /home/user/anaconda3/envs/atttrio/lib -Wl,-rpath=/home/user/anaconda3/envs/atttrio/lib  conftest.c  >&5
cc1: warning: command line option '-std=c++11' is valid for C++/ObjC++ but not for C
configure:2711: $? = 0
configure:2718: ./conftest
configure:2722: $? = 0
configure:2737: result: no
configure:2742: checking for suffix of object files
configure:2764: gcc -c  -std=c++11 -Wall -O3 -I /home/user/anaconda3/envs/atttrio/include -L /home/user/anaconda3/envs/atttrio/lib -Wl,-rpath=/home/user/anaconda3/envs/atttrio/lib conftest.c >&5
cc1: warning: command line option '-std=c++11' is valid for C++/ObjC++ but not for C
configure:2768: $? = 0
configure:2789: result: o
configure:2793: checking whether we are using the GNU C compiler
configure:2812: gcc -c  -std=c++11 -Wall -O3 -I /home/user/anaconda3/envs/atttrio/include -L /home/user/anaconda3/envs/atttrio/lib -Wl,-rpath=/home/user/anaconda3/envs/atttrio/lib conftest.c >&5
cc1: warning: command line option '-std=c++11' is valid for C++/ObjC++ but not for C
configure:2812: $? = 0
configure:2821: result: yes
configure:2830: checking whether gcc accepts -g
configure:2850: gcc -c -g -std=c++11 -Wall -O3 -I /home/user/anaconda3/envs/atttrio/include -L /home/user/anaconda3/envs/atttrio/lib -Wl,-rpath=/home/user/anaconda3/envs/atttrio/lib conftest.c >&5
cc1: warning: command line option '-std=c++11' is valid for C++/ObjC++ but not for C
configure:2850: $? = 0
configure: failed program was:
| /* confdefs.h */
| #define PACKAGE_NAME "HTSlib"
| #define PACKAGE_TARNAME "htslib"
| #define PACKAGE_VERSION "1.16"
| #define PACKAGE_STRING "HTSlib 1.16"
| #define PACKAGE_BUGREPORT "samtools-help@lists.sourceforge.net"
| #define PACKAGE_URL "http://www.htslib.org/"
| /* end confdefs.h.  */
| 
| int
| main ()
| {
| 
|   ;
|   return 0;
| }
configure:2865: gcc -c  -std=c++11 -Wall -O3 -I /home/user/anaconda3/envs/atttrio/include -L /home/user/anaconda3/envs/atttrio/lib -Wl,-rpath=/home/user/anaconda3/envs/atttrio/lib conftest.c >&5
cc1: warning: command line option '-std=c++11' is valid for C++/ObjC++ but not for C
configure:2865: $? = 0
configure: failed program was:
| /* confdefs.h */
| #define PACKAGE_NAME "HTSlib"
| #define PACKAGE_TARNAME "htslib"
| #define PACKAGE_VERSION "1.16"
| #define PACKAGE_STRING "HTSlib 1.16"
| #define PACKAGE_BUGREPORT "samtools-help@lists.sourceforge.net"
| #define PACKAGE_URL "http://www.htslib.org/"
| /* end confdefs.h.  */
| 
| int
| main ()
| {
| 
|   ;
|   return 0;
| }
configure:2881: gcc -c -g -std=c++11 -Wall -O3 -I /home/user/anaconda3/envs/atttrio/include -L /home/user/anaconda3/envs/atttrio/lib -Wl,-rpath=/home/user/anaconda3/envs/atttrio/lib conftest.c >&5
cc1: warning: command line option '-std=c++11' is valid for C++/ObjC++ but not for C
configure:2881: $? = 0
configure:2891: result: yes
configure:2908: checking for gcc option to accept ISO C89
configure:2971: gcc  -c -g -O2 -std=c++11 -Wall -O3 -I /home/user/anaconda3/envs/atttrio/include -L /home/user/anaconda3/envs/atttrio/lib -Wl,-rpath=/home/user/anaconda3/envs/atttrio/lib conftest.c >&5
cc1: warning: command line option '-std=c++11' is valid for C++/ObjC++ but not for C
configure:2971: $? = 0
configure:2984: result: none needed
configure:3047: checking for ranlib
configure:3063: found /usr/bin/ranlib
configure:3074: result: ranlib
configure:3097: checking for grep that handles long lines and -e
configure:3155: result: /bin/grep
configure:3180: checking for C compiler warning flags
configure:3293: result: -Wall
configure:3381: checking whether C compiler accepts -mssse3 -mpopcnt -msse4.1
configure:3408: gcc -o conftest  -Wall -g -O2  -mssse3 -mpopcnt -msse4.1 -std=c++11 -Wall -O3 -I /home/user/anaconda3/envs/atttrio/include -L /home/user/anaconda3/envs/atttrio/lib -Wl,-rpath=/home/user/anaconda3/envs/atttrio/lib  conftest.c  >&5
cc1: warning: command line option '-std=c++11' is valid for C++/ObjC++ but not for C
configure:3408: $? = 0
configure:3417: result: yes
configure:3441: checking whether C compiler accepts -mavx2
configure:3467: gcc -o conftest  -Wall -g -O2  -mavx2 -std=c++11 -Wall -O3 -I /home/user/anaconda3/envs/atttrio/include -L /home/user/anaconda3/envs/atttrio/lib -Wl,-rpath=/home/user/anaconda3/envs/atttrio/lib  conftest.c  >&5
cc1: warning: command line option '-std=c++11' is valid for C++/ObjC++ but not for C
configure:3467: $? = 0
configure:3476: result: yes
configure:3491: checking whether C compiler accepts -mavx512f
configure:3516: gcc -o conftest  -Wall -g -O2  -mavx512f -std=c++11 -Wall -O3 -I /home/user/anaconda3/envs/atttrio/include -L /home/user/anaconda3/envs/atttrio/lib -Wl,-rpath=/home/user/anaconda3/envs/atttrio/lib  conftest.c  >&5
cc1: warning: command line option '-std=c++11' is valid for C++/ObjC++ but not for C
configure:3516: $? = 0
configure:3525: result: yes
configure:3540: checking whether C compiler supports ARM Neon
configure:3564: gcc -c  -Wall -g -O2 -std=c++11 -Wall -O3 -I /home/user/anaconda3/envs/atttrio/include -L /home/user/anaconda3/envs/atttrio/lib -Wl,-rpath=/home/user/anaconda3/envs/atttrio/lib conftest.c >&5
cc1: warning: command line option '-std=c++11' is valid for C++/ObjC++ but not for C
conftest.c:17:16: fatal error: arm_neon.h: No such file or directory
       #include "arm_neon.h"
                ^~~~~~~~~~~~
compilation terminated.
configure:3564: $? = 1
configure: failed program was:
| /* confdefs.h */
| #define PACKAGE_NAME "HTSlib"
| #define PACKAGE_TARNAME "htslib"
| #define PACKAGE_VERSION "1.16"
| #define PACKAGE_STRING "HTSlib 1.16"
| #define PACKAGE_BUGREPORT "samtools-help@lists.sourceforge.net"
| #define PACKAGE_URL "http://www.htslib.org/"
| #define HAVE_SSSE3 1
| #define HAVE_POPCNT 1
| #define HAVE_SSE4_1 1
| #define UBSAN 1
| #define HAVE_AVX2 1
| #define HAVE_AVX512 1
| /* end confdefs.h.  */
| 
| 
|       #include "arm_neon.h"
| 
| int
| main ()
| {
| 
|       int32x4_t a = vdupq_n_s32(1);
|       int32x4_t b = vaddq_s32(a, a);
|       return *((char *) &b);
| 
|   ;
|   return 0;
| }
configure:3571: result: no
configure:3633: checking for pkg-config
configure:3666: result: no
configure:3729: checking for special C compiler options needed for large files
configure:3774: result: no
configure:3780: checking for _FILE_OFFSET_BITS value needed for large files
configure:3805: gcc -c  -Wall -g -O2 -std=c++11 -Wall -O3 -I /home/user/anaconda3/envs/atttrio/include -L /home/user/anaconda3/envs/atttrio/lib -Wl,-rpath=/home/user/anaconda3/envs/atttrio/lib conftest.c >&5
cc1: warning: command line option '-std=c++11' is valid for C++/ObjC++ but not for C
configure:3805: $? = 0
configure:3837: result: no
configure:4013: checking shared library type for unknown-Linux
configure:4041: result: plain .so
configure:4051: checking whether the compiler accepts -fvisibility=hidden
configure:4071: gcc -o conftest  -Wall -g -O2 -fvisibility=hidden -std=c++11 -Wall -O3 -I /home/user/anaconda3/envs/atttrio/include -L /home/user/anaconda3/envs/atttrio/lib -Wl,-rpath=/home/user/anaconda3/envs/atttrio/lib  -fvisibility=hidden conftest.c  >&5
cc1: warning: command line option '-std=c++11' is valid for C++/ObjC++ but not for C
configure:4071: $? = 0
configure:4084: result: yes
configure:4138: checking how to run the C preprocessor
configure:4169: gcc -E -std=c++11 -Wall -O3 -I /home/user/anaconda3/envs/atttrio/include -L /home/user/anaconda3/envs/atttrio/lib -Wl,-rpath=/home/user/anaconda3/envs/atttrio/lib conftest.c
cc1: warning: command line option '-std=c++11' is valid for C++/ObjC++ but not for C
configure:4169: $? = 0
configure:4183: gcc -E -std=c++11 -Wall -O3 -I /home/user/anaconda3/envs/atttrio/include -L /home/user/anaconda3/envs/atttrio/lib -Wl,-rpath=/home/user/anaconda3/envs/atttrio/lib conftest.c
cc1: warning: command line option '-std=c++11' is valid for C++/ObjC++ but not for C
conftest.c:15:10: fatal error: ac_nonexistent.h: No such file or directory
 #include <ac_nonexistent.h>
          ^~~~~~~~~~~~~~~~~~
compilation terminated.
configure:4183: $? = 1
configure: failed program was:
| /* confdefs.h */
| #define PACKAGE_NAME "HTSlib"
| #define PACKAGE_TARNAME "htslib"
| #define PACKAGE_VERSION "1.16"
| #define PACKAGE_STRING "HTSlib 1.16"
| #define PACKAGE_BUGREPORT "samtools-help@lists.sourceforge.net"
| #define PACKAGE_URL "http://www.htslib.org/"
| #define HAVE_SSSE3 1
| #define HAVE_POPCNT 1
| #define HAVE_SSE4_1 1
| #define UBSAN 1
| #define HAVE_AVX2 1
| #define HAVE_AVX512 1
| /* end confdefs.h.  */
| #include <ac_nonexistent.h>
configure:4208: result: gcc -E
configure:4228: gcc -E -std=c++11 -Wall -O3 -I /home/user/anaconda3/envs/atttrio/include -L /home/user/anaconda3/envs/atttrio/lib -Wl,-rpath=/home/user/anaconda3/envs/atttrio/lib conftest.c
cc1: warning: command line option '-std=c++11' is valid for C++/ObjC++ but not for C
configure:4228: $? = 0
configure:4242: gcc -E -std=c++11 -Wall -O3 -I /home/user/anaconda3/envs/atttrio/include -L /home/user/anaconda3/envs/atttrio/lib -Wl,-rpath=/home/user/anaconda3/envs/atttrio/lib conftest.c
cc1: warning: command line option '-std=c++11' is valid for C++/ObjC++ but not for C
conftest.c:15:10: fatal error: ac_nonexistent.h: No such file or directory
 #include <ac_nonexistent.h>
          ^~~~~~~~~~~~~~~~~~
compilation terminated.
configure:4242: $? = 1
configure: failed program was:
| /* confdefs.h */
| #define PACKAGE_NAME "HTSlib"
| #define PACKAGE_TARNAME "htslib"
| #define PACKAGE_VERSION "1.16"
| #define PACKAGE_STRING "HTSlib 1.16"
| #define PACKAGE_BUGREPORT "samtools-help@lists.sourceforge.net"
| #define PACKAGE_URL "http://www.htslib.org/"
| #define HAVE_SSSE3 1
| #define HAVE_POPCNT 1
| #define HAVE_SSE4_1 1
| #define UBSAN 1
| #define HAVE_AVX2 1
| #define HAVE_AVX512 1
| /* end confdefs.h.  */
| #include <ac_nonexistent.h>
configure:4271: checking for egrep
configure:4333: result: /bin/grep -E
configure:4338: checking for ANSI C header files
configure:4358: gcc -c  -Wall -g -O2 -fvisibility=hidden -std=c++11 -Wall -O3 -I /home/user/anaconda3/envs/atttrio/include -L /home/user/anaconda3/envs/atttrio/lib -Wl,-rpath=/home/user/anaconda3/envs/atttrio/lib conftest.c >&5
cc1: warning: command line option '-std=c++11' is valid for C++/ObjC++ but not for C
configure:4358: $? = 0
cc1: warning: command line option '-std=c++11' is valid for C++/ObjC++ but not for C
cc1: warning: command line option '-std=c++11' is valid for C++/ObjC++ but not for C
configure:4431: gcc -o conftest  -Wall -g -O2 -fvisibility=hidden -std=c++11 -Wall -O3 -I /home/user/anaconda3/envs/atttrio/include -L /home/user/anaconda3/envs/atttrio/lib -Wl,-rpath=/home/user/anaconda3/envs/atttrio/lib  -fvisibility=hidden conftest.c  >&5
cc1: warning: command line option '-std=c++11' is valid for C++/ObjC++ but not for C
configure:4431: $? = 0
configure:4431: ./conftest
configure:4431: $? = 0
configure:4442: result: yes
configure:4455: checking for sys/types.h
configure:4455: gcc -c  -Wall -g -O2 -fvisibility=hidden -std=c++11 -Wall -O3 -I /home/user/anaconda3/envs/atttrio/include -L /home/user/anaconda3/envs/atttrio/lib -Wl,-rpath=/home/user/anaconda3/envs/atttrio/lib conftest.c >&5
cc1: warning: command line option '-std=c++11' is valid for C++/ObjC++ but not for C
configure:4455: $? = 0
configure:4455: result: yes
configure:4455: checking for sys/stat.h
configure:4455: gcc -c  -Wall -g -O2 -fvisibility=hidden -std=c++11 -Wall -O3 -I /home/user/anaconda3/envs/atttrio/include -L /home/user/anaconda3/envs/atttrio/lib -Wl,-rpath=/home/user/anaconda3/envs/atttrio/lib conftest.c >&5
cc1: warning: command line option '-std=c++11' is valid for C++/ObjC++ but not for C
configure:4455: $? = 0
configure:4455: result: yes
configure:4455: checking for stdlib.h
configure:4455: gcc -c  -Wall -g -O2 -fvisibility=hidden -std=c++11 -Wall -O3 -I /home/user/anaconda3/envs/atttrio/include -L /home/user/anaconda3/envs/atttrio/lib -Wl,-rpath=/home/user/anaconda3/envs/atttrio/lib conftest.c >&5
cc1: warning: command line option '-std=c++11' is valid for C++/ObjC++ but not for C
configure:4455: $? = 0
configure:4455: result: yes
configure:4455: checking for string.h
configure:4455: gcc -c  -Wall -g -O2 -fvisibility=hidden -std=c++11 -Wall -O3 -I /home/user/anaconda3/envs/atttrio/include -L /home/user/anaconda3/envs/atttrio/lib -Wl,-rpath=/home/user/anaconda3/envs/atttrio/lib conftest.c >&5
cc1: warning: command line option '-std=c++11' is valid for C++/ObjC++ but not for C
configure:4455: $? = 0
configure:4455: result: yes
configure:4455: checking for memory.h
configure:4455: gcc -c  -Wall -g -O2 -fvisibility=hidden -std=c++11 -Wall -O3 -I /home/user/anaconda3/envs/atttrio/include -L /home/user/anaconda3/envs/atttrio/lib -Wl,-rpath=/home/user/anaconda3/envs/atttrio/lib conftest.c >&5
cc1: warning: command line option '-std=c++11' is valid for C++/ObjC++ but not for C
configure:4455: $? = 0
configure:4455: result: yes
configure:4455: checking for strings.h
configure:4455: gcc -c  -Wall -g -O2 -fvisibility=hidden -std=c++11 -Wall -O3 -I /home/user/anaconda3/envs/atttrio/include -L /home/user/anaconda3/envs/atttrio/lib -Wl,-rpath=/home/user/anaconda3/envs/atttrio/lib conftest.c >&5
cc1: warning: command line option '-std=c++11' is valid for C++/ObjC++ but not for C
configure:4455: $? = 0
configure:4455: result: yes
configure:4455: checking for inttypes.h
configure:4455: gcc -c  -Wall -g -O2 -fvisibility=hidden -std=c++11 -Wall -O3 -I /home/user/anaconda3/envs/atttrio/include -L /home/user/anaconda3/envs/atttrio/lib -Wl,-rpath=/home/user/anaconda3/envs/atttrio/lib conftest.c >&5
cc1: warning: command line option '-std=c++11' is valid for C++/ObjC++ but not for C
configure:4455: $? = 0
configure:4455: result: yes
configure:4455: checking for stdint.h
configure:4455: gcc -c  -Wall -g -O2 -fvisibility=hidden -std=c++11 -Wall -O3 -I /home/user/anaconda3/envs/atttrio/include -L /home/user/anaconda3/envs/atttrio/lib -Wl,-rpath=/home/user/anaconda3/envs/atttrio/lib conftest.c >&5
cc1: warning: command line option '-std=c++11' is valid for C++/ObjC++ but not for C
configure:4455: $? = 0
configure:4455: result: yes
configure:4455: checking for unistd.h
configure:4455: gcc -c  -Wall -g -O2 -fvisibility=hidden -std=c++11 -Wall -O3 -I /home/user/anaconda3/envs/atttrio/include -L /home/user/anaconda3/envs/atttrio/lib -Wl,-rpath=/home/user/anaconda3/envs/atttrio/lib conftest.c >&5
cc1: warning: command line option '-std=c++11' is valid for C++/ObjC++ but not for C
configure:4455: $? = 0
configure:4455: result: yes
configure:4473: checking for stdlib.h
configure:4473: result: yes
configure:4473: checking for unistd.h
configure:4473: result: yes
configure:4473: checking for sys/param.h
configure:4473: gcc -c  -Wall -g -O2 -fvisibility=hidden -std=c++11 -Wall -O3 -I /home/user/anaconda3/envs/atttrio/include -L /home/user/anaconda3/envs/atttrio/lib -Wl,-rpath=/home/user/anaconda3/envs/atttrio/lib conftest.c >&5
cc1: warning: command line option '-std=c++11' is valid for C++/ObjC++ but not for C
configure:4473: $? = 0
configure:4473: result: yes
configure:4493: checking for getpagesize
configure:4493: gcc -o conftest  -Wall -g -O2 -fvisibility=hidden -std=c++11 -Wall -O3 -I /home/user/anaconda3/envs/atttrio/include -L /home/user/anaconda3/envs/atttrio/lib -Wl,-rpath=/home/user/anaconda3/envs/atttrio/lib  -fvisibility=hidden conftest.c  >&5
cc1: warning: command line option '-std=c++11' is valid for C++/ObjC++ but not for C
configure:4493: $? = 0
configure:4493: result: yes
configure:4502: checking for working mmap
configure:4649: gcc -o conftest  -Wall -g -O2 -fvisibility=hidden -std=c++11 -Wall -O3 -I /home/user/anaconda3/envs/atttrio/include -L /home/user/anaconda3/envs/atttrio/lib -Wl,-rpath=/home/user/anaconda3/envs/atttrio/lib  -fvisibility=hidden conftest.c  >&5
cc1: warning: command line option '-std=c++11' is valid for C++/ObjC++ but not for C
configure:4649: $? = 0
configure:4649: ./conftest
configure:4649: $? = 0
configure:4659: result: yes
configure:4671: checking for gmtime_r
configure:4671: gcc -o conftest  -Wall -g -O2 -fvisibility=hidden -std=c++11 -Wall -O3 -I /home/user/anaconda3/envs/atttrio/include -L /home/user/anaconda3/envs/atttrio/lib -Wl,-rpath=/home/user/anaconda3/envs/atttrio/lib  -fvisibility=hidden conftest.c  >&5
cc1: warning: command line option '-std=c++11' is valid for C++/ObjC++ but not for C
configure:4671: $? = 0
configure:4671: result: yes
configure:4671: checking for fsync
configure:4671: gcc -o conftest  -Wall -g -O2 -fvisibility=hidden -std=c++11 -Wall -O3 -I /home/user/anaconda3/envs/atttrio/include -L /home/user/anaconda3/envs/atttrio/lib -Wl,-rpath=/home/user/anaconda3/envs/atttrio/lib  -fvisibility=hidden conftest.c  >&5
cc1: warning: command line option '-std=c++11' is valid for C++/ObjC++ but not for C
configure:4671: $? = 0
configure:4671: result: yes
configure:4671: checking for drand48
configure:4671: gcc -o conftest  -Wall -g -O2 -fvisibility=hidden -std=c++11 -Wall -O3 -I /home/user/anaconda3/envs/atttrio/include -L /home/user/anaconda3/envs/atttrio/lib -Wl,-rpath=/home/user/anaconda3/envs/atttrio/lib  -fvisibility=hidden conftest.c  >&5
cc1: warning: command line option '-std=c++11' is valid for C++/ObjC++ but not for C
configure:4671: $? = 0
configure:4671: result: yes
configure:4671: checking for srand48_deterministic
configure:4671: gcc -o conftest  -Wall -g -O2 -fvisibility=hidden -std=c++11 -Wall -O3 -I /home/user/anaconda3/envs/atttrio/include -L /home/user/anaconda3/envs/atttrio/lib -Wl,-rpath=/home/user/anaconda3/envs/atttrio/lib  -fvisibility=hidden conftest.c  >&5
cc1: warning: command line option '-std=c++11' is valid for C++/ObjC++ but not for C
/tmp/ccIZx8H7.o: In function `main':
/work/Clair3-Trio-trio/longphase-1.3/htslib/conftest.c:67: undefined reference to `srand48_deterministic'
collect2: error: ld returned 1 exit status
configure:4671: $? = 1
configure: failed program was:
| /* confdefs.h */
| #define PACKAGE_NAME "HTSlib"
| #define PACKAGE_TARNAME "htslib"
| #define PACKAGE_VERSION "1.16"
| #define PACKAGE_STRING "HTSlib 1.16"
| #define PACKAGE_BUGREPORT "samtools-help@lists.sourceforge.net"
| #define PACKAGE_URL "http://www.htslib.org/"
| #define HAVE_SSSE3 1
| #define HAVE_POPCNT 1
| #define HAVE_SSE4_1 1
| #define UBSAN 1
| #define HAVE_AVX2 1
| #define HAVE_AVX512 1
| #define STDC_HEADERS 1
| #define HAVE_SYS_TYPES_H 1
| #define HAVE_SYS_STAT_H 1
| #define HAVE_STDLIB_H 1
| #define HAVE_STRING_H 1
| #define HAVE_MEMORY_H 1
| #define HAVE_STRINGS_H 1
| #define HAVE_INTTYPES_H 1
| #define HAVE_STDINT_H 1
| #define HAVE_UNISTD_H 1
| #define HAVE_STDLIB_H 1
| #define HAVE_UNISTD_H 1
| #define HAVE_SYS_PARAM_H 1
| #define HAVE_GETPAGESIZE 1
| #define HAVE_MMAP 1
| #define HAVE_GMTIME_R 1
| #define HAVE_FSYNC 1
| #define HAVE_DRAND48 1
| /* end confdefs.h.  */
| /* Define srand48_deterministic to an innocuous variant, in case <limits.h> declares srand48_deterministic.
|    For example, HP-UX 11i <limits.h> declares gettimeofday.  */
| #define srand48_deterministic innocuous_srand48_deterministic
| 
| /* System header to define __stub macros and hopefully few prototypes,
|     which can conflict with char srand48_deterministic (); below.
|     Prefer <limits.h> to <assert.h> if __STDC__ is defined, since
|     <limits.h> exists even on freestanding compilers.  */
| 
| #ifdef __STDC__
| # include <limits.h>
| #else
| # include <assert.h>
| #endif
| 
| #undef srand48_deterministic
| 
| /* Override any GCC internal prototype to avoid an error.
|    Use char because int might match the return type of a GCC
|    builtin and then its argument prototype would still apply.  */
| #ifdef __cplusplus
| extern "C"
| #endif
| char srand48_deterministic ();
| /* The GNU C library defines this for functions which it implements
|     to always fail with ENOSYS.  Some functions are actually named
|     something starting with __ and the normal name is an alias.  */
| #if defined __stub_srand48_deterministic || defined __stub___srand48_deterministic
| choke me
| #endif
| 
| int
| main ()
| {
| return srand48_deterministic ();
|   ;
|   return 0;
| }
configure:4671: result: no
configure:4683: checking whether fdatasync is declared
configure:4683: gcc -c  -Wall -g -O2 -fvisibility=hidden -std=c++11 -Wall -O3 -I /home/user/anaconda3/envs/atttrio/include -L /home/user/anaconda3/envs/atttrio/lib -Wl,-rpath=/home/user/anaconda3/envs/atttrio/lib conftest.c >&5
cc1: warning: command line option '-std=c++11' is valid for C++/ObjC++ but not for C
configure:4683: $? = 0
configure:4683: result: yes
configure:4687: checking for fdatasync
configure:4687: gcc -o conftest  -Wall -g -O2 -fvisibility=hidden -std=c++11 -Wall -O3 -I /home/user/anaconda3/envs/atttrio/include -L /home/user/anaconda3/envs/atttrio/lib -Wl,-rpath=/home/user/anaconda3/envs/atttrio/lib  -fvisibility=hidden conftest.c  >&5
cc1: warning: command line option '-std=c++11' is valid for C++/ObjC++ but not for C
configure:4687: $? = 0
configure:4687: result: yes
configure:4822: checking for library containing log
configure:4853: gcc -o conftest  -Wall -g -O2 -fvisibility=hidden -std=c++11 -Wall -O3 -I /home/user/anaconda3/envs/atttrio/include -L /home/user/anaconda3/envs/atttrio/lib -Wl,-rpath=/home/user/anaconda3/envs/atttrio/lib  -fvisibility=hidden conftest.c  >&5
cc1: warning: command line option '-std=c++11' is valid for C++/ObjC++ but not for C
conftest.c:41:6: warning: conflicting types for built-in function 'log' [-Wbuiltin-declaration-mismatch]
 char log ();
      ^~~
/tmp/ccjhN34k.o: In function `main':
/work/Clair3-Trio-trio/longphase-1.3/htslib/conftest.c:45: undefined reference to `log'
collect2: error: ld returned 1 exit status
configure:4853: $? = 1
configure: failed program was:
| /* confdefs.h */
| #define PACKAGE_NAME "HTSlib"
| #define PACKAGE_TARNAME "htslib"
| #define PACKAGE_VERSION "1.16"
| #define PACKAGE_STRING "HTSlib 1.16"
| #define PACKAGE_BUGREPORT "samtools-help@lists.sourceforge.net"
| #define PACKAGE_URL "http://www.htslib.org/"
| #define HAVE_SSSE3 1
| #define HAVE_POPCNT 1
| #define HAVE_SSE4_1 1
| #define UBSAN 1
| #define HAVE_AVX2 1
| #define HAVE_AVX512 1
| #define STDC_HEADERS 1
| #define HAVE_SYS_TYPES_H 1
| #define HAVE_SYS_STAT_H 1
| #define HAVE_STDLIB_H 1
| #define HAVE_STRING_H 1
| #define HAVE_MEMORY_H 1
| #define HAVE_STRINGS_H 1
| #define HAVE_INTTYPES_H 1
| #define HAVE_STDINT_H 1
| #define HAVE_UNISTD_H 1
| #define HAVE_STDLIB_H 1
| #define HAVE_UNISTD_H 1
| #define HAVE_SYS_PARAM_H 1
| #define HAVE_GETPAGESIZE 1
| #define HAVE_MMAP 1
| #define HAVE_GMTIME_R 1
| #define HAVE_FSYNC 1
| #define HAVE_DRAND48 1
| #define HAVE_FDATASYNC 1
| /* end confdefs.h.  */
| 
| /* Override any GCC internal prototype to avoid an error.
|    Use char because int might match the return type of a GCC
|    builtin and then its argument prototype would still apply.  */
| #ifdef __cplusplus
| extern "C"
| #endif
| char log ();
| int
| main ()
| {
| return log ();
|   ;
|   return 0;
| }
configure:4853: gcc -o conftest  -Wall -g -O2 -fvisibility=hidden -std=c++11 -Wall -O3 -I /home/user/anaconda3/envs/atttrio/include -L /home/user/anaconda3/envs/atttrio/lib -Wl,-rpath=/home/user/anaconda3/envs/atttrio/lib  -fvisibility=hidden conftest.c -lm   >&5
cc1: warning: command line option '-std=c++11' is valid for C++/ObjC++ but not for C
conftest.c:41:6: warning: conflicting types for built-in function 'log' [-Wbuiltin-declaration-mismatch]
 char log ();
      ^~~
configure:4853: $? = 0
configure:4870: result: -lm
configure:4890: checking for zlib.h
configure:4890: gcc -c  -Wall -g -O2 -fvisibility=hidden -std=c++11 -Wall -O3 -I /home/user/anaconda3/envs/atttrio/include -L /home/user/anaconda3/envs/atttrio/lib -Wl,-rpath=/home/user/anaconda3/envs/atttrio/lib conftest.c >&5
cc1: warning: command line option '-std=c++11' is valid for C++/ObjC++ but not for C
configure:4890: $? = 0
configure:4890: result: yes
configure:4899: checking for inflate in -lz
configure:4924: gcc -o conftest  -Wall -g -O2 -fvisibility=hidden -std=c++11 -Wall -O3 -I /home/user/anaconda3/envs/atttrio/include -L /home/user/anaconda3/envs/atttrio/lib -Wl,-rpath=/home/user/anaconda3/envs/atttrio/lib  -fvisibility=hidden conftest.c -lz  -lm  >&5
cc1: warning: command line option '-std=c++11' is valid for C++/ObjC++ but not for C
configure:4924: $? = 0
configure:4933: result: yes
configure:4964: checking for library containing recv
configure:4995: gcc -o conftest  -Wall -g -O2 -fvisibility=hidden -std=c++11 -Wall -O3 -I /home/user/anaconda3/envs/atttrio/include -L /home/user/anaconda3/envs/atttrio/lib -Wl,-rpath=/home/user/anaconda3/envs/atttrio/lib  -fvisibility=hidden conftest.c -lz -lm  >&5
cc1: warning: command line option '-std=c++11' is valid for C++/ObjC++ but not for C
configure:4995: $? = 0
configure:5012: result: none required
configure:5058: checking for bzlib.h
configure:5058: gcc -c  -Wall -g -O2 -fvisibility=hidden -std=c++11 -Wall -O3 -I /home/user/anaconda3/envs/atttrio/include -L /home/user/anaconda3/envs/atttrio/lib -Wl,-rpath=/home/user/anaconda3/envs/atttrio/lib conftest.c >&5
cc1: warning: command line option '-std=c++11' is valid for C++/ObjC++ but not for C
configure:5058: $? = 0
configure:5058: result: yes
configure:5067: checking for BZ2_bzBuffToBuffCompress in -lbz2
configure:5092: gcc -o conftest  -Wall -g -O2 -fvisibility=hidden -std=c++11 -Wall -O3 -I /home/user/anaconda3/envs/atttrio/include -L /home/user/anaconda3/envs/atttrio/lib -Wl,-rpath=/home/user/anaconda3/envs/atttrio/lib  -fvisibility=hidden conftest.c -lbz2  -lz -lm  >&5
cc1: warning: command line option '-std=c++11' is valid for C++/ObjC++ but not for C
configure:5092: $? = 0
configure:5101: result: yes
configure:5145: checking for lzma.h
configure:5145: gcc -c  -Wall -g -O2 -fvisibility=hidden -std=c++11 -Wall -O3 -I /home/user/anaconda3/envs/atttrio/include -L /home/user/anaconda3/envs/atttrio/lib -Wl,-rpath=/home/user/anaconda3/envs/atttrio/lib conftest.c >&5
cc1: warning: command line option '-std=c++11' is valid for C++/ObjC++ but not for C
configure:5145: $? = 0
configure:5145: result: yes
configure:5158: checking for lzma_easy_buffer_encode in -llzma
configure:5183: gcc -o conftest  -Wall -g -O2 -fvisibility=hidden -std=c++11 -Wall -O3 -I /home/user/anaconda3/envs/atttrio/include -L /home/user/anaconda3/envs/atttrio/lib -Wl,-rpath=/home/user/anaconda3/envs/atttrio/lib  -fvisibility=hidden conftest.c -llzma  -lbz2 -lz -lm  >&5
cc1: warning: command line option '-std=c++11' is valid for C++/ObjC++ but not for C
configure:5183: $? = 0
configure:5192: result: yes
configure:5305: checking whether htscodecs files are present
configure:5308: result: yes
configure:5346: checking for libdeflate.h
configure:5346: gcc -c  -Wall -g -O2 -fvisibility=hidden -std=c++11 -Wall -O3 -I /home/user/anaconda3/envs/atttrio/include -L /home/user/anaconda3/envs/atttrio/lib -Wl,-rpath=/home/user/anaconda3/envs/atttrio/lib conftest.c >&5
cc1: warning: command line option '-std=c++11' is valid for C++/ObjC++ but not for C
configure:5346: $? = 0
configure:5346: result: yes
configure:5355: checking for libdeflate_deflate_compress in -ldeflate
configure:5380: gcc -o conftest  -Wall -g -O2 -fvisibility=hidden -std=c++11 -Wall -O3 -I /home/user/anaconda3/envs/atttrio/include -L /home/user/anaconda3/envs/atttrio/lib -Wl,-rpath=/home/user/anaconda3/envs/atttrio/lib  -fvisibility=hidden conftest.c -ldeflate  -llzma -lbz2 -lz -lm  >&5
cc1: warning: command line option '-std=c++11' is valid for C++/ObjC++ but not for C
configure:5380: $? = 0
configure:5389: result: yes
configure:5428: checking for curl/curl.h
configure:5428: gcc -c  -Wall -g -O2 -fvisibility=hidden -std=c++11 -Wall -O3 -I /home/user/anaconda3/envs/atttrio/include -L /home/user/anaconda3/envs/atttrio/lib -Wl,-rpath=/home/user/anaconda3/envs/atttrio/lib conftest.c >&5
cc1: warning: command line option '-std=c++11' is valid for C++/ObjC++ but not for C
configure:5428: $? = 0
configure:5428: result: yes
configure:5437: checking for curl_easy_pause in -lcurl
configure:5462: gcc -o conftest  -Wall -g -O2 -fvisibility=hidden -std=c++11 -Wall -O3 -I /home/user/anaconda3/envs/atttrio/include -L /home/user/anaconda3/envs/atttrio/lib -Wl,-rpath=/home/user/anaconda3/envs/atttrio/lib  -fvisibility=hidden conftest.c -lcurl  -ldeflate -llzma -lbz2 -lz -lm  >&5
cc1: warning: command line option '-std=c++11' is valid for C++/ObjC++ but not for C
configure:5462: $? = 0
configure:5471: result: yes
configure:5606: checking for CCHmac
configure:5606: gcc -o conftest  -Wall -g -O2 -fvisibility=hidden -std=c++11 -Wall -O3 -I /home/user/anaconda3/envs/atttrio/include -L /home/user/anaconda3/envs/atttrio/lib -Wl,-rpath=/home/user/anaconda3/envs/atttrio/lib  -fvisibility=hidden conftest.c -ldeflate -llzma -lbz2 -lz -lm  >&5
cc1: warning: command line option '-std=c++11' is valid for C++/ObjC++ but not for C
/tmp/ccue0jat.o: In function `main':
/work/Clair3-Trio-trio/longphase-1.3/htslib/conftest.c:75: undefined reference to `CCHmac'
collect2: error: ld returned 1 exit status
configure:5606: $? = 1
configure: failed program was:
| /* confdefs.h */
| #define PACKAGE_NAME "HTSlib"
| #define PACKAGE_TARNAME "htslib"
| #define PACKAGE_VERSION "1.16"
| #define PACKAGE_STRING "HTSlib 1.16"
| #define PACKAGE_BUGREPORT "samtools-help@lists.sourceforge.net"
| #define PACKAGE_URL "http://www.htslib.org/"
| #define HAVE_SSSE3 1
| #define HAVE_POPCNT 1
| #define HAVE_SSE4_1 1
| #define UBSAN 1
| #define HAVE_AVX2 1
| #define HAVE_AVX512 1
| #define STDC_HEADERS 1
| #define HAVE_SYS_TYPES_H 1
| #define HAVE_SYS_STAT_H 1
| #define HAVE_STDLIB_H 1
| #define HAVE_STRING_H 1
| #define HAVE_MEMORY_H 1
| #define HAVE_STRINGS_H 1
| #define HAVE_INTTYPES_H 1
| #define HAVE_STDINT_H 1
| #define HAVE_UNISTD_H 1
| #define HAVE_STDLIB_H 1
| #define HAVE_UNISTD_H 1
| #define HAVE_SYS_PARAM_H 1
| #define HAVE_GETPAGESIZE 1
| #define HAVE_MMAP 1
| #define HAVE_GMTIME_R 1
| #define HAVE_FSYNC 1
| #define HAVE_DRAND48 1
| #define HAVE_FDATASYNC 1
| #define HAVE_LIBZ 1
| #define HAVE_LIBBZ2 1
| #define HAVE_LZMA_H 1
| #define HAVE_LIBLZMA 1
| #define HAVE_LIBDEFLATE 1
| #define HAVE_LIBCURL 1
| #define ENABLE_GCS 1
| /* end confdefs.h.  */
| /* Define CCHmac to an innocuous variant, in case <limits.h> declares CCHmac.
|    For example, HP-UX 11i <limits.h> declares gettimeofday.  */
| #define CCHmac innocuous_CCHmac
| 
| /* System header to define __stub macros and hopefully few prototypes,
|     which can conflict with char CCHmac (); below.
|     Prefer <limits.h> to <assert.h> if __STDC__ is defined, since
|     <limits.h> exists even on freestanding compilers.  */
| 
| #ifdef __STDC__
| # include <limits.h>
| #else
| # include <assert.h>
| #endif
| 
| #undef CCHmac
| 
| /* Override any GCC internal prototype to avoid an error.
|    Use char because int might match the return type of a GCC
|    builtin and then its argument prototype would still apply.  */
| #ifdef __cplusplus
| extern "C"
| #endif
| char CCHmac ();
| /* The GNU C library defines this for functions which it implements
|     to always fail with ENOSYS.  Some functions are actually named
|     something starting with __ and the normal name is an alias.  */
| #if defined __stub_CCHmac || defined __stub___CCHmac
| choke me
| #endif
| 
| int
| main ()
| {
| return CCHmac ();
|   ;
|   return 0;
| }
configure:5606: result: no
configure:5613: checking for library containing HMAC
configure:5644: gcc -o conftest  -Wall -g -O2 -fvisibility=hidden -std=c++11 -Wall -O3 -I /home/user/anaconda3/envs/atttrio/include -L /home/user/anaconda3/envs/atttrio/lib -Wl,-rpath=/home/user/anaconda3/envs/atttrio/lib  -fvisibility=hidden conftest.c -ldeflate -llzma -lbz2 -lz -lm  >&5
cc1: warning: command line option '-std=c++11' is valid for C++/ObjC++ but not for C
/tmp/cc0MFIIx.o: In function `main':
/work/Clair3-Trio-trio/longphase-1.3/htslib/conftest.c:52: undefined reference to `HMAC'
collect2: error: ld returned 1 exit status
configure:5644: $? = 1
configure: failed program was:
| /* confdefs.h */
| #define PACKAGE_NAME "HTSlib"
| #define PACKAGE_TARNAME "htslib"
| #define PACKAGE_VERSION "1.16"
| #define PACKAGE_STRING "HTSlib 1.16"
| #define PACKAGE_BUGREPORT "samtools-help@lists.sourceforge.net"
| #define PACKAGE_URL "http://www.htslib.org/"
| #define HAVE_SSSE3 1
| #define HAVE_POPCNT 1
| #define HAVE_SSE4_1 1
| #define UBSAN 1
| #define HAVE_AVX2 1
| #define HAVE_AVX512 1
| #define STDC_HEADERS 1
| #define HAVE_SYS_TYPES_H 1
| #define HAVE_SYS_STAT_H 1
| #define HAVE_STDLIB_H 1
| #define HAVE_STRING_H 1
| #define HAVE_MEMORY_H 1
| #define HAVE_STRINGS_H 1
| #define HAVE_INTTYPES_H 1
| #define HAVE_STDINT_H 1
| #define HAVE_UNISTD_H 1
| #define HAVE_STDLIB_H 1
| #define HAVE_UNISTD_H 1
| #define HAVE_SYS_PARAM_H 1
| #define HAVE_GETPAGESIZE 1
| #define HAVE_MMAP 1
| #define HAVE_GMTIME_R 1
| #define HAVE_FSYNC 1
| #define HAVE_DRAND48 1
| #define HAVE_FDATASYNC 1
| #define HAVE_LIBZ 1
| #define HAVE_LIBBZ2 1
| #define HAVE_LZMA_H 1
| #define HAVE_LIBLZMA 1
| #define HAVE_LIBDEFLATE 1
| #define HAVE_LIBCURL 1
| #define ENABLE_GCS 1
| /* end confdefs.h.  */
| 
| /* Override any GCC internal prototype to avoid an error.
|    Use char because int might match the return type of a GCC
|    builtin and then its argument prototype would still apply.  */
| #ifdef __cplusplus
| extern "C"
| #endif
| char HMAC ();
| int
| main ()
| {
| return HMAC ();
|   ;
|   return 0;
| }
configure:5644: gcc -o conftest  -Wall -g -O2 -fvisibility=hidden -std=c++11 -Wall -O3 -I /home/user/anaconda3/envs/atttrio/include -L /home/user/anaconda3/envs/atttrio/lib -Wl,-rpath=/home/user/anaconda3/envs/atttrio/lib  -fvisibility=hidden conftest.c -lcrypto  -ldeflate -llzma -lbz2 -lz -lm  >&5
cc1: warning: command line option '-std=c++11' is valid for C++/ObjC++ but not for C
configure:5644: $? = 0
configure:5661: result: -lcrypto
configure:5703: checking for library containing regcomp
configure:5734: gcc -o conftest  -Wall -g -O2 -fvisibility=hidden -std=c++11 -Wall -O3 -I /home/user/anaconda3/envs/atttrio/include -L /home/user/anaconda3/envs/atttrio/lib -Wl,-rpath=/home/user/anaconda3/envs/atttrio/lib  -fvisibility=hidden conftest.c -ldeflate -llzma -lbz2 -lz -lm  >&5
cc1: warning: command line option '-std=c++11' is valid for C++/ObjC++ but not for C
configure:5734: $? = 0
configure:5751: result: none required
configure:5760: checking whether PTHREAD_MUTEX_RECURSIVE is declared
configure:5760: gcc -c  -Wall -g -O2 -fvisibility=hidden -std=c++11 -Wall -O3 -I /home/user/anaconda3/envs/atttrio/include -L /home/user/anaconda3/envs/atttrio/lib -Wl,-rpath=/home/user/anaconda3/envs/atttrio/lib conftest.c >&5
cc1: warning: command line option '-std=c++11' is valid for C++/ObjC++ but not for C
configure:5760: $? = 0
configure:5760: result: yes
configure:5926: creating ./config.status

## ---------------------- ##
## Running config.status. ##
## ---------------------- ##

This file was extended by HTSlib config.status 1.16, which was
generated by GNU Autoconf 2.69.  Invocation command line was

  CONFIG_FILES    = 
  CONFIG_HEADERS  = 
  CONFIG_LINKS    = 
  CONFIG_COMMANDS = 
  $ ./config.status 

on unbanto

config.status:862: creating config.mk
config.status:862: creating htslib.pc.tmp
config.status:862: creating config.h
config.status:1058: linking htscodecs_bundled.mk to htscodecs.mk

## ---------------- ##
## Cache variables. ##
## ---------------- ##

ac_cv_c_compiler_gnu=yes
ac_cv_env_CC_set=
ac_cv_env_CC_value=
ac_cv_env_CFLAGS_set=
ac_cv_env_CFLAGS_value=
ac_cv_env_CPPFLAGS_set=set
ac_cv_env_CPPFLAGS_value='-std=c++11 -Wall -O3 -I /home/user/anaconda3/envs/atttrio/include -L /home/user/anaconda3/envs/atttrio/lib -Wl,-rpath=/home/user/anaconda3/envs/atttrio/lib'
ac_cv_env_CPP_set=
ac_cv_env_CPP_value=
ac_cv_env_LDFLAGS_set=
ac_cv_env_LDFLAGS_value=
ac_cv_env_LIBS_set=
ac_cv_env_LIBS_value=
ac_cv_env_PKG_CONFIG_LIBDIR_set=
ac_cv_env_PKG_CONFIG_LIBDIR_value=
ac_cv_env_PKG_CONFIG_PATH_set=
ac_cv_env_PKG_CONFIG_PATH_value=
ac_cv_env_PKG_CONFIG_set=
ac_cv_env_PKG_CONFIG_value=
ac_cv_env_build_alias_set=
ac_cv_env_build_alias_value=
ac_cv_env_host_alias_set=
ac_cv_env_host_alias_value=
ac_cv_env_target_alias_set=
ac_cv_env_target_alias_value=
ac_cv_func_CCHmac=no
ac_cv_func_drand48=yes
ac_cv_func_fdatasync=yes
ac_cv_func_fsync=yes
ac_cv_func_getpagesize=yes
ac_cv_func_gmtime_r=yes
ac_cv_func_mmap_fixed_mapped=yes
ac_cv_func_srand48_deterministic=no
ac_cv_have_decl_PTHREAD_MUTEX_RECURSIVE=yes
ac_cv_have_decl_fdatasync_int_=yes
ac_cv_header_bzlib_h=yes
ac_cv_header_curl_curl_h=yes
ac_cv_header_inttypes_h=yes
ac_cv_header_libdeflate_h=yes
ac_cv_header_lzma_h=yes
ac_cv_header_memory_h=yes
ac_cv_header_stdc=yes
ac_cv_header_stdint_h=yes
ac_cv_header_stdlib_h=yes
ac_cv_header_string_h=yes
ac_cv_header_strings_h=yes
ac_cv_header_sys_param_h=yes
ac_cv_header_sys_stat_h=yes
ac_cv_header_sys_types_h=yes
ac_cv_header_unistd_h=yes
ac_cv_header_zlib_h=yes
ac_cv_lib_bz2_BZ2_bzBuffToBuffCompress=yes
ac_cv_lib_curl_curl_easy_pause=yes
ac_cv_lib_deflate_libdeflate_deflate_compress=yes
ac_cv_lib_lzma_lzma_easy_buffer_encode=yes
ac_cv_lib_z_inflate=yes
ac_cv_objext=o
ac_cv_path_EGREP='/bin/grep -E'
ac_cv_path_GREP=/bin/grep
ac_cv_prog_CPP='gcc -E'
ac_cv_prog_ac_ct_CC=gcc
ac_cv_prog_ac_ct_RANLIB=ranlib
ac_cv_prog_cc_c89=
ac_cv_prog_cc_g=yes
ac_cv_search_HMAC=-lcrypto
ac_cv_search_log=-lm
ac_cv_search_recv='none required'
ac_cv_search_regcomp='none required'
ac_cv_sys_file_offset_bits=no
ac_cv_sys_largefile_CC=no
ax_cv_check_cflags___mavx2=yes
ax_cv_check_cflags___mavx512f=yes
ax_cv_check_cflags___mssse3__mpopcnt__msse4_1=yes
hts_cv_check__fvisibility_hidden=yes
hts_cv_have_neon=no
hts_cv_prog_cc_warnings=-Wall

## ----------------- ##
## Output variables. ##
## ----------------- ##

CC='gcc'
CFLAGS=' -Wall -g -O2 -fvisibility=hidden'
CPP='gcc -E'
CPPFLAGS='-std=c++11 -Wall -O3 -I /home/user/anaconda3/envs/atttrio/include -L /home/user/anaconda3/envs/atttrio/lib -Wl,-rpath=/home/user/anaconda3/envs/atttrio/lib'
CRYPTO_LIBS='-lcrypto'
DEFS='-DHAVE_CONFIG_H'
ECHO_C=''
ECHO_N='-n'
ECHO_T=''
EGREP='/bin/grep -E'
EXEEXT=''
GREP='/bin/grep'
HTSDIRslash_if_relsrcdir='$(HTSDIR)/'
LDFLAGS=' -fvisibility=hidden'
LIBOBJS=''
LIBS='-ldeflate -llzma -lbz2 -lz -lm '
LTLIBOBJS=''
OBJEXT='o'
PACKAGE_BUGREPORT='samtools-help@lists.sourceforge.net'
PACKAGE_NAME='HTSlib'
PACKAGE_STRING='HTSlib 1.16'
PACKAGE_TARNAME='htslib'
PACKAGE_URL='http://www.htslib.org/'
PACKAGE_VERSION='1.16'
PATH_SEPARATOR=':'
PKG_CONFIG=''
PKG_CONFIG_LIBDIR=''
PKG_CONFIG_PATH=''
PLATFORM='default'
PLUGIN_EXT='.so'
RANLIB='ranlib'
SHELL='/bin/sh'
ac_ct_CC='gcc'
bindir='${exec_prefix}/bin'
build_alias=''
datadir='${datarootdir}'
datarootdir='${prefix}/share'
docdir='${datarootdir}/doc/${PACKAGE_TARNAME}'
dvidir='${docdir}'
enable_plugins='no'
exec_prefix='${prefix}'
gcs='enabled'
host_alias=''
htmldir='${docdir}'
hts_cflags_avx2='-mavx2'
hts_cflags_avx512='-mavx512f'
hts_cflags_sse4='-mssse3 -mpopcnt -msse4.1'
hts_have_neon=''
includedir='${prefix}/include'
infodir='${datarootdir}/info'
libcurl='enabled'
libdir='${exec_prefix}/lib'
libexecdir='${exec_prefix}/libexec'
localedir='${datarootdir}/locale'
localstatedir='${prefix}/var'
mandir='${datarootdir}/man'
oldincludedir='/usr/include'
pc_requires=' liblzma'
pdfdir='${docdir}'
plugindir='$(libexecdir)/htslib'
pluginpath='$(libexecdir)/htslib'
prefix='/usr/local'
private_LIBS=' -lbz2 -ldeflate'
program_transform_name='s,x,x,'
psdir='${docdir}'
s3='enabled'
sbindir='${exec_prefix}/sbin'
sharedstatedir='${prefix}/com'
static_LDFLAGS=''
static_LIBS='-lpthread -lz -lm -lbz2 -llzma -ldeflate -lcurl -lcrypto'
sysconfdir='${prefix}/etc'
target_alias=''
with_external_htscodecs='no'

## ----------- ##
## confdefs.h. ##
## ----------- ##

/* confdefs.h */
#define PACKAGE_NAME "HTSlib"
#define PACKAGE_TARNAME "htslib"
#define PACKAGE_VERSION "1.16"
#define PACKAGE_STRING "HTSlib 1.16"
#define PACKAGE_BUGREPORT "samtools-help@lists.sourceforge.net"
#define PACKAGE_URL "http://www.htslib.org/"
#define HAVE_SSSE3 1
#define HAVE_POPCNT 1
#define HAVE_SSE4_1 1
#define UBSAN 1
#define HAVE_AVX2 1
#define HAVE_AVX512 1
#define STDC_HEADERS 1
#define HAVE_SYS_TYPES_H 1
#define HAVE_SYS_STAT_H 1
#define HAVE_STDLIB_H 1
#define HAVE_STRING_H 1
#define HAVE_MEMORY_H 1
#define HAVE_STRINGS_H 1
#define HAVE_INTTYPES_H 1
#define HAVE_STDINT_H 1
#define HAVE_UNISTD_H 1
#define HAVE_STDLIB_H 1
#define HAVE_UNISTD_H 1
#define HAVE_SYS_PARAM_H 1
#define HAVE_GETPAGESIZE 1
#define HAVE_MMAP 1
#define HAVE_GMTIME_R 1
#define HAVE_FSYNC 1
#define HAVE_DRAND48 1
#define HAVE_FDATASYNC 1
#define HAVE_LIBZ 1
#define HAVE_LIBBZ2 1
#define HAVE_LZMA_H 1
#define HAVE_LIBLZMA 1
#define HAVE_LIBDEFLATE 1
#define HAVE_LIBCURL 1
#define ENABLE_GCS 1
#define HAVE_HMAC 1
#define ENABLE_S3 1

configure: exit 0
